Generated at 2016-05-18 15:37:39 +0300
Mixlib::ShellOut::ShellCommandFailed: bash[change_ip_in_sources] (npm::to_prod_patch line 1) had an error: Mixlib::ShellOut::ShellCommandFailed: Expected process to exit with [0], but received '2'
---- Begin output of "bash"  "/tmp/chef-script20160518-29704-auevix" ----
STDOUT: 
STDERR: sed: can't read node[:ui][:home]/public/providers/values.js: No such file or directory
sed: can't read node[:api][:home]/classes/helper.rb: No such file or directory
---- End output of "bash"  "/tmp/chef-script20160518-29704-auevix" ----
Ran "bash"  "/tmp/chef-script20160518-29704-auevix" returned 2
/opt/chef/embedded/lib/ruby/gems/2.1.0/gems/mixlib-shellout-2.2.6/lib/mixlib/shellout.rb:289:in `invalid!'
/opt/chef/embedded/lib/ruby/gems/2.1.0/gems/mixlib-shellout-2.2.6/lib/mixlib/shellout.rb:276:in `error!'
/opt/chef/embedded/lib/ruby/gems/2.1.0/gems/chef-12.10.24/lib/chef/mixin/shell_out.rb:45:in `shell_out!'
/opt/chef/embedded/lib/ruby/gems/2.1.0/gems/chef-12.10.24/lib/chef/provider/execute.rb:62:in `block in action_run'
/opt/chef/embedded/lib/ruby/gems/2.1.0/gems/chef-12.10.24/lib/chef/mixin/why_run.rb:52:in `add_action'
/opt/chef/embedded/lib/ruby/gems/2.1.0/gems/chef-12.10.24/lib/chef/provider.rb:176:in `converge_by'
/opt/chef/embedded/lib/ruby/gems/2.1.0/gems/chef-12.10.24/lib/chef/provider/execute.rb:60:in `action_run'
/opt/chef/embedded/lib/ruby/gems/2.1.0/gems/chef-12.10.24/lib/chef/provider/script.rb:63:in `action_run'
/opt/chef/embedded/lib/ruby/gems/2.1.0/gems/chef-12.10.24/lib/chef/provider.rb:145:in `run_action'
/opt/chef/embedded/lib/ruby/gems/2.1.0/gems/chef-12.10.24/lib/chef/resource.rb:596:in `run_action'
/opt/chef/embedded/lib/ruby/gems/2.1.0/gems/chef-12.10.24/lib/chef/runner.rb:69:in `run_action'
/opt/chef/embedded/lib/ruby/gems/2.1.0/gems/chef-12.10.24/lib/chef/runner.rb:97:in `block (2 levels) in converge'
/opt/chef/embedded/lib/ruby/gems/2.1.0/gems/chef-12.10.24/lib/chef/runner.rb:97:in `each'
/opt/chef/embedded/lib/ruby/gems/2.1.0/gems/chef-12.10.24/lib/chef/runner.rb:97:in `block in converge'
/opt/chef/embedded/lib/ruby/gems/2.1.0/gems/chef-12.10.24/lib/chef/resource_collection/resource_list.rb:94:in `block in execute_each_resource'
/opt/chef/embedded/lib/ruby/gems/2.1.0/gems/chef-12.10.24/lib/chef/resource_collection/stepable_iterator.rb:116:in `call'
/opt/chef/embedded/lib/ruby/gems/2.1.0/gems/chef-12.10.24/lib/chef/resource_collection/stepable_iterator.rb:116:in `call_iterator_block'
/opt/chef/embedded/lib/ruby/gems/2.1.0/gems/chef-12.10.24/lib/chef/resource_collection/stepable_iterator.rb:85:in `step'
/opt/chef/embedded/lib/ruby/gems/2.1.0/gems/chef-12.10.24/lib/chef/resource_collection/stepable_iterator.rb:104:in `iterate'
/opt/chef/embedded/lib/ruby/gems/2.1.0/gems/chef-12.10.24/lib/chef/resource_collection/stepable_iterator.rb:55:in `each_with_index'
/opt/chef/embedded/lib/ruby/gems/2.1.0/gems/chef-12.10.24/lib/chef/resource_collection/resource_list.rb:92:in `execute_each_resource'
/opt/chef/embedded/lib/ruby/gems/2.1.0/gems/chef-12.10.24/lib/chef/runner.rb:96:in `converge'
/opt/chef/embedded/lib/ruby/gems/2.1.0/gems/chef-12.10.24/lib/chef/client.rb:667:in `block in converge'
/opt/chef/embedded/lib/ruby/gems/2.1.0/gems/chef-12.10.24/lib/chef/client.rb:662:in `catch'
/opt/chef/embedded/lib/ruby/gems/2.1.0/gems/chef-12.10.24/lib/chef/client.rb:662:in `converge'
/opt/chef/embedded/lib/ruby/gems/2.1.0/gems/chef-12.10.24/lib/chef/client.rb:701:in `converge_and_save'
/opt/chef/embedded/lib/ruby/gems/2.1.0/gems/chef-12.10.24/lib/chef/client.rb:281:in `run'
/opt/chef/embedded/lib/ruby/gems/2.1.0/gems/chef-12.10.24/lib/chef/application.rb:285:in `block in fork_chef_client'
/opt/chef/embedded/lib/ruby/gems/2.1.0/gems/chef-12.10.24/lib/chef/application.rb:273:in `fork'
/opt/chef/embedded/lib/ruby/gems/2.1.0/gems/chef-12.10.24/lib/chef/application.rb:273:in `fork_chef_client'
/opt/chef/embedded/lib/ruby/gems/2.1.0/gems/chef-12.10.24/lib/chef/application.rb:238:in `block in run_chef_client'
/opt/chef/embedded/lib/ruby/gems/2.1.0/gems/chef-12.10.24/lib/chef/local_mode.rb:44:in `with_server_connectivity'
/opt/chef/embedded/lib/ruby/gems/2.1.0/gems/chef-12.10.24/lib/chef/application.rb:226:in `run_chef_client'
/opt/chef/embedded/lib/ruby/gems/2.1.0/gems/chef-12.10.24/lib/chef/application/solo.rb:301:in `block in interval_run_chef_client'
/opt/chef/embedded/lib/ruby/gems/2.1.0/gems/chef-12.10.24/lib/chef/application/solo.rb:290:in `loop'
/opt/chef/embedded/lib/ruby/gems/2.1.0/gems/chef-12.10.24/lib/chef/application/solo.rb:290:in `interval_run_chef_client'
/opt/chef/embedded/lib/ruby/gems/2.1.0/gems/chef-12.10.24/lib/chef/application/solo.rb:269:in `run_application'
/opt/chef/embedded/lib/ruby/gems/2.1.0/gems/chef-12.10.24/lib/chef/application.rb:58:in `run'
/opt/chef/embedded/lib/ruby/gems/2.1.0/gems/chef-12.10.24/bin/chef-solo:25:in `<top (required)>'
/usr/bin/chef-solo:51:in `load'
/usr/bin/chef-solo:51:in `<main>'